# JRE version: OpenJDK Runtime Environment (18.0+36) (build 18+36-2087)
# Java VM: OpenJDK 64-Bit Server VM (18+36-2087, mixed mode, emulated-client, sharing, tiered, compressed oops, compressed class ptrs, g1 gc, windows-amd64)
GC Precious Log:
 CardTable entry size: 512
 Card Set container configuration: InlinePtr #cards 5 size 8 Array Of Cards #cards 12 size 40 Howl #buckets 4 coarsen threshold 1843 Howl Bitmap #cards 512 size 80 coarsen threshold 460 Card regions per heap region 1 cards per card region 2048
 CPUs: 4 total, 4 available
 Memory: 8065M
 Large Page Support: Disabled
 NUMA Support: Disabled
 Compressed Oops: Enabled (32-bit)
 Heap Region Size: 1M
 Heap Min Capacity: 8M
 Heap Initial Capacity: 128M
 Heap Max Capacity: 2018M
 Pre-touch: Disabled
 Parallel Workers: 4
 Concurrent Workers: 1
 Concurrent Refinement Workers: 4
 Periodic GC: Disabled
Heap:
 garbage-first heap   total 311296K, used 84602K [0x0000000081e00000, 0x0000000100000000)
  region size 1024K, 1 young (1024K), 1 survivors (1024K)
 Metaspace       used 69250K, committed 70912K, reserved 1114112K
  class space    used 9157K, committed 9728K, reserved 1048576K
GC Heap History (20 events):
Event: 4204.990 GC heap after
{Heap after GC invocations=120 (full 0):
 garbage-first heap   total 311296K, used 85664K [0x0000000081e00000, 0x0000000100000000)
  region size 1024K, 1 young (1024K), 1 survivors (1024K)
 Metaspace       used 69249K, committed 70912K, reserved 1114112K
  class space    used 9156K, committed 9728K, reserved 1048576K
}
Event: 4208.953 GC heap before
{Heap before GC invocations=120 (full 0):
 garbage-first heap   total 311296K, used 100000K [0x0000000081e00000, 0x0000000100000000)
  region size 1024K, 15 young (15360K), 1 survivors (1024K)
 Metaspace       used 69249K, committed 70912K, reserved 1114112K
  class space    used 9156K, committed 9728K, reserved 1048576K
}
Event: 4209.195 GC heap after
{Heap after GC invocations=121 (full 0):
 garbage-first heap   total 856064K, used 85314K [0x0000000081e00000, 0x0000000100000000)
  region size 1024K, 1 young (1024K), 1 survivors (1024K)
 Metaspace       used 69249K, committed 70912K, reserved 1114112K
  class space    used 9156K, committed 9728K, reserved 1048576K
}
Event: 4213.116 GC heap before
{Heap before GC invocations=121 (full 0):
 garbage-first heap   total 856064K, used 126274K [0x0000000081e00000, 0x0000000100000000)
  region size 1024K, 41 young (41984K), 1 survivors (1024K)
 Metaspace       used 69249K, committed 70912K, reserved 1114112K
  class space    used 9156K, committed 9728K, reserved 1048576K
}
Event: 4213.121 GC heap after
{Heap after GC invocations=122 (full 0):
 garbage-first heap   total 856064K, used 85362K [0x0000000081e00000, 0x0000000100000000)
  region size 1024K, 1 young (1024K), 1 survivors (1024K)
 Metaspace       used 69249K, committed 70912K, reserved 1114112K
  class space    used 9156K, committed 9728K, reserved 1048576K
}
Event: 4214.063 GC heap before
{Heap before GC invocations=123 (full 0):
 garbage-first heap   total 311296K, used 101746K [0x0000000081e00000, 0x0000000100000000)
  region size 1024K, 17 young (17408K), 1 survivors (1024K)
 Metaspace       used 69249K, committed 70912K, reserved 1114112K
  class space    used 9156K, committed 9728K, reserved 1048576K
}
Event: 4214.064 GC heap after
{Heap after GC invocations=124 (full 0):
 garbage-first heap   total 311296K, used 85348K [0x0000000081e00000, 0x0000000100000000)
  region size 1024K, 1 young (1024K), 1 survivors (1024K)
 Metaspace       used 69249K, committed 70912K, reserved 1114112K
  class space    used 9156K, committed 9728K, reserved 1048576K
}
Event: 4214.674 GC heap before
{Heap before GC invocations=124 (full 0):
 garbage-first heap   total 311296K, used 99684K [0x0000000081e00000, 0x0000000100000000)
  region size 1024K, 15 young (15360K), 1 survivors (1024K)
 Metaspace       used 69249K, committed 70912K, reserved 1114112K
  class space    used 9156K, committed 9728K, reserved 1048576K
}
Event: 4214.773 GC heap after
{Heap after GC invocations=125 (full 0):
 garbage-first heap   total 311296K, used 85224K [0x0000000081e00000, 0x0000000100000000)
  region size 1024K, 1 young (1024K), 1 survivors (1024K)
 Metaspace       used 69249K, committed 70912K, reserved 1114112K
  class space    used 9156K, committed 9728K, reserved 1048576K
}
Event: 4215.530 GC heap before
{Heap before GC invocations=125 (full 0):
 garbage-first heap   total 311296K, used 99560K [0x0000000081e00000, 0x0000000100000000)
  region size 1024K, 15 young (15360K), 1 survivors (1024K)
 Metaspace       used 69249K, committed 70912K, reserved 1114112K
  class space    used 9156K, committed 9728K, reserved 1048576K
}
Event: 4215.689 GC heap after
{Heap after GC invocations=126 (full 0):
 garbage-first heap   total 311296K, used 85092K [0x0000000081e00000, 0x0000000100000000)
  region size 1024K, 1 young (1024K), 1 survivors (1024K)
 Metaspace       used 69249K, committed 70912K, reserved 1114112K
  class space    used 9156K, committed 9728K, reserved 1048576K
}
Event: 4220.146 GC heap before
{Heap before GC invocations=126 (full 0):
 garbage-first heap   total 311296K, used 170084K [0x0000000081e00000, 0x0000000100000000)
  region size 1024K, 85 young (87040K), 1 survivors (1024K)
 Metaspace       used 69249K, committed 70912K, reserved 1114112K
  class space    used 9156K, committed 9728K, reserved 1048576K
}
Event: 4221.395 GC heap after
{Heap after GC invocations=127 (full 0):
 garbage-first heap   total 311296K, used 85058K [0x0000000081e00000, 0x0000000100000000)
  region size 1024K, 1 young (1024K), 1 survivors (1024K)
 Metaspace       used 69249K, committed 70912K, reserved 1114112K
  class space    used 9156K, committed 9728K, reserved 1048576K
}
Event: 4235.097 GC heap before
{Heap before GC invocations=128 (full 0):
 garbage-first heap   total 311296K, used 260162K [0x0000000081e00000, 0x0000000100000000)
  region size 1024K, 172 young (176128K), 1 survivors (1024K)
 Metaspace       used 69249K, committed 70912K, reserved 1114112K
  class space    used 9156K, committed 9728K, reserved 1048576K
}
Event: 4235.284 GC heap after
{Heap after GC invocations=129 (full 0):
 garbage-first heap   total 311296K, used 85093K [0x0000000081e00000, 0x0000000100000000)
  region size 1024K, 1 young (1024K), 1 survivors (1024K)
 Metaspace       used 69249K, committed 70912K, reserved 1114112K
  class space    used 9156K, committed 9728K, reserved 1048576K
}
Event: 4236.201 GC heap before
{Heap before GC invocations=129 (full 0):
 garbage-first heap   total 311296K, used 99429K [0x0000000081e00000, 0x0000000100000000)
  region size 1024K, 15 young (15360K), 1 survivors (1024K)
 Metaspace       used 69249K, committed 70912K, reserved 1114112K
  class space    used 9156K, committed 9728K, reserved 1048576K
}
Event: 4236.861 GC heap after
{Heap after GC invocations=130 (full 0):
 garbage-first heap   total 311296K, used 84788K [0x0000000081e00000, 0x0000000100000000)
  region size 1024K, 1 young (1024K), 1 survivors (1024K)
 Metaspace       used 69249K, committed 70912K, reserved 1114112K
  class space    used 9156K, committed 9728K, reserved 1048576K
}
Event: 4237.703 GC heap before
{Heap before GC invocations=130 (full 0):
 garbage-first heap   total 311296K, used 99124K [0x0000000081e00000, 0x0000000100000000)
  region size 1024K, 15 young (15360K), 1 survivors (1024K)
 Metaspace       used 69249K, committed 70912K, reserved 1114112K
  class space    used 9156K, committed 9728K, reserved 1048576K
}
Event: 4237.815 GC heap after
{Heap after GC invocations=131 (full 0):
 garbage-first heap   total 311296K, used 84625K [0x0000000081e00000, 0x0000000100000000)
  region size 1024K, 1 young (1024K), 1 survivors (1024K)
 Metaspace       used 69249K, committed 70912K, reserved 1114112K
  class space    used 9156K, committed 9728K, reserved 1048576K
}
Event: 4248.406 GC heap before
{Heap before GC invocations=131 (full 0):
 garbage-first heap   total 311296K, used 268945K [0x0000000081e00000, 0x0000000100000000)
  region size 1024K, 182 young (186368K), 1 survivors (1024K)
 Metaspace       used 69250K, committed 70912K, reserved 1114112K
  class space    used 9157K, committed 9728K, reserved 1048576K
}

